MyApplication/app/build/intermediates/manifest_merge_blame_file/debug/manifest-merger-blame-debug-report.txt
1<?xml version="1.0" encoding="utf-8"?>
2<manifest xmlns:android="http://schemas.android.com/apk/res/android"
3    package="com.example.myapplication"
4    android:versionCode="1"
5    android:versionName="1.0" >
6
7    <uses-sdk
8        android:minSdkVersion="24"
9        android:targetSdkVersion="34" />
10
11    <permission
11-->[androidx.core:core:1.9.0] AndroidManifest.xml:22:5-24:47
12        android:name="com.example.myapplication.DYNAMIC_RECEIVER_NOT_EXPORTED_PERMISSION"
12-->[androidx.core:core:1.9.0] AndroidManifest.xml:23:9-81
13        android:protectionLevel="signature" />
13-->[androidx.core:core:1.9.0] AndroidManifest.xml:24:9-44
14
15    <uses-permission android:name="com.example.myapplication.DYNAMIC_RECEIVER_NOT_EXPORTED_PERMISSION" />
15-->[androidx.core:core:1.9.0] AndroidManifest.xml:26:5-97
15-->[androidx.core:core:1.9.0] AndroidManifest.xml:26:22-94
16
17    <application
17-->src\main\AndroidManifest.xml:5:5-47:19
18        android:allowBackup="true"
18-->src\main\AndroidManifest.xml:6:9-35
19        android:appComponentFactory="androidx.core.app.CoreComponentFactory"
19-->[androidx.core:core:1.9.0] AndroidManifest.xml:28:18-86
20        android:dataExtractionRules="@xml/data_extraction_rules"
20-->src\main\AndroidManifest.xml:7:9-65
21        android:debuggable="true"
22        android:extractNativeLibs="false"
23        android:fullBackupContent="@xml/backup_rules"
23-->src\main\AndroidManifest.xml:8:9-54
24        android:icon="@mipmap/ic_launcher"
24-->src\main\AndroidManifest.xml:9:9-43
25        android:label="@string/app_name"
25-->src\main\AndroidManifest.xml:10:9-41
26        android:roundIcon="@mipmap/ic_launcher_round"
26-->src\main\AndroidManifest.xml:11:9-54
27        android:supportsRtl="true"
27-->src\main\AndroidManifest.xml:12:9-35
28        android:theme="@style/Theme.AppCompat.Light" >
28-->src\main\AndroidManifest.xml:13:9-53
29        <activity
29-->src\main\AndroidManifest.xml:15:9-17:40
30            android:name="com.example.myapplication.tuan22.Tuan22SecondActivity"
30-->src\main\AndroidManifest.xml:16:13-56
31            android:exported="false" />
31-->src\main\AndroidManifest.xml:17:13-37
32        <activity
32-->src\main\AndroidManifest.xml:18:9-22:20
33            android:name="com.example.myapplication.tuan22.Tuan22MainActivity"
33-->src\main\AndroidManifest.xml:19:13-54
34            android:exported="true" >
34-->src\main\AndroidManifest.xml:20:13-36
35        </activity>
36        <activity
36-->src\main\AndroidManifest.xml:23:9-25:39
37            android:name="com.example.myapplication.Tuan2.Tuan22MainActivity"
37-->src\main\AndroidManifest.xml:24:13-53
38            android:exported="true" />
38-->src\main\AndroidManifest.xml:25:13-36
39        <activity
39-->src\main\AndroidManifest.xml:27:9-29:39
40            android:name="com.example.myapplication.Tuan2.Tuan211SecondActivity"
40-->src\main\AndroidManifest.xml:28:13-56
41            android:exported="true" />
41-->src\main\AndroidManifest.xml:29:13-36
42        <activity
42-->src\main\AndroidManifest.xml:30:9-34:20
43            android:name="com.example.myapplication.Tuan2.Tuan211MainActivity"
43-->src\main\AndroidManifest.xml:31:13-54
44            android:exported="true" >
44-->src\main\AndroidManifest.xml:32:13-36
45        </activity>
46        <activity
46-->src\main\AndroidManifest.xml:35:9-37:40
47            android:name="com.example.myapplication.Tuan2.Tuan21MainActivity"
47-->src\main\AndroidManifest.xml:36:13-53
48            android:exported="false" />
48-->src\main\AndroidManifest.xml:37:13-37
49        <activity
49-->src\main\AndroidManifest.xml:38:9-46:20
50            android:name="com.example.myapplication.TruongGiang.MainActivity"
50-->src\main\AndroidManifest.xml:39:13-53
51            android:exported="true" >
51-->src\main\AndroidManifest.xml:40:13-36
52            <intent-filter>
52-->src\main\AndroidManifest.xml:41:13-45:29
53                <action android:name="android.intent.action.MAIN" />
53-->src\main\AndroidManifest.xml:42:17-69
53-->src\main\AndroidManifest.xml:42:25-66
54
55                <category android:name="android.intent.category.LAUNCHER" />
55-->src\main\AndroidManifest.xml:44:17-77
55-->src\main\AndroidManifest.xml:44:27-74
56            </intent-filter>
57        </activity>
58
59        <provider
59-->[androidx.emoji2:emoji2:1.2.0] AndroidManifest.xml:24:9-32:20
60            android:name="androidx.startup.InitializationProvider"
60-->[androidx.emoji2:emoji2:1.2.0] AndroidManifest.xml:25:13-67
61            android:authorities="com.example.myapplication.androidx-startup"
61-->[androidx.emoji2:emoji2:1.2.0] AndroidManifest.xml:26:13-68
62            android:exported="false" >
62-->[androidx.emoji2:emoji2:1.2.0] AndroidManifest.xml:27:13-37
63            <meta-data
63-->[androidx.emoji2:emoji2:1.2.0] AndroidManifest.xml:29:13-31:52
64                android:name="androidx.emoji2.text.EmojiCompatInitializer"
64-->[androidx.emoji2:emoji2:1.2.0] AndroidManifest.xml:30:17-75
65                android:value="androidx.startup" />
65-->[androidx.emoji2:emoji2:1.2.0] AndroidManifest.xml:31:17-49
66            <meta-data
66-->[androidx.lifecycle:lifecycle-process:2.4.1] AndroidManifest.xml:31:13-33:52
67                android:name="androidx.lifecycle.ProcessLifecycleInitializer"
67-->[androidx.lifecycle:lifecycle-process:2.4.1] AndroidManifest.xml:32:17-78
68                android:value="androidx.startup" />
68-->[androidx.lifecycle:lifecycle-process:2.4.1] AndroidManifest.xml:33:17-49
69        </provider>
70    </application>
71
72</manifest>